{"name": "test_delete_employee", "status": "broken", "statusDetails": {"message": "selenium.common.exceptions.TimeoutException: Message: \nStacktrace:\nBacktrace:\n\t(No symbol) [0x00C3F243]\n\t(No symbol) [0x00BC7FD1]\n\t(No symbol) [0x00ABD04D]\n\t(No symbol) [0x00AEC0B0]\n\t(No symbol) [0x00AEC22B]\n\t(No symbol) [0x00B1E612]\n\t(No symbol) [0x00B085D4]\n\t(No symbol) [0x00B1C9EB]\n\t(No symbol) [0x00B08386]\n\t(No symbol) [0x00AE163C]\n\t(No symbol) [0x00AE269D]\n\tGetHandleVerifier [0x00ED9A22+2655074]\n\tGetHandleVerifier [0x00ECCA24+2601828]\n\tGetHandleVerifier [0x00CE8C0A+619850]\n\tGetHandleVerifier [0x00CE7830+614768]\n\t(No symbol) [0x00BD05FC]\n\t(No symbol) [0x00BD5968]\n\t(No symbol) [0x00BD5A55]\n\t(No symbol) [0x00BE051B]\n\tBaseThreadInitThunk [0x766D6BD9+25]\n\tRtlGetFullPathName_UEx [0x77168FD2+1218]\n\tRtlGetFullPathName_UEx [0x77168F9D+1165]", "trace": "self = <testCases.test_DeleteEmployee.Test_004_DeleteEmployee object at 0x0000021823AD48D0>, setup = <selenium.webdriver.chrome.webdriver.WebDriver (session=\"1f1d0ab7d73d9ed4bce9fae7ff77cf2e\")>\n\n    @pytest.mark.sanity\n    #verify the employee is deleted successfully\n    def test_delete_employee(self,setup):\n        self.driver = setup\n        self.driver.get(self.baseURL)\n        time.sleep(10)\n        # creating object of LoginPage class\n        self.loginpage = LoginPage(self.driver)\n        # accessing the methods of LoginPage Class\n        self.loginpage.setUserName(self.username)\n        self.loginpage.setPassword(self.password)\n        self.loginpage.clickLogin()\n        self.emppage = EmployeePage(self.driver)\n        self.employeeID = AutoConstants.empID\n    \n        #click on PIM Module\n        self.emppage.click_on_PIM_module()\n    \n        #Click on add Emp Button\n        self.emppage.click_on_AddEmployee_button()\n    \n        #enter the Name of the employee\n        self.emppage.add_EmployeeDetails(AutoConstants.employeeAddFirstName,AutoConstants.employeeAddMiddleName,AutoConstants.employeeAddLastName)\n    \n        #clear the emp field\n        self.emppage.clear_emp_id_field()\n    \n        #enter emp id\n        self.emppage.enter_employee_ID(self.employeeID)\n    \n        #click on Add Button\n        self.emppage.click_on_Save_Button()\n    \n        # #verify employee is added succcessfully\n>       addEmpStatusMessage = self.emppage.verify_employee_status_msg()\n\ntestCases\\test_DeleteEmployee.py:55: \n_ _ _ _ _ _ _ _ _ _ _ _ _ _ _ _ _ _ _ _ _ _ _ _ _ _ _ _ _ _ _ _ _ _ _ _ _ _ _ _ _ _ _ _ _ _ _ _ _ _ _ _ _ _ _ _ _ _ _ _ _ _ _ _ _ _ _ _ _ _ _ _ _ _ _ _ _ _ _ _ _ _ _ _ _ _ _ _ _ _ _ _ _ _ _ _ _ _ _ _ _ _ _ _ _ _ _ _ _ _ _ _ _ _ _ _ _ \npageObjects\\EmployeePage.py:142: in verify_employee_status_msg\n    self.wait_for_element(EmployeePage.empStatusMsg)\npageObjects\\BasePage.py:69: in wait_for_element\n    return wait.until(EC.visibility_of_element_located((By.XPATH, locator)))\n_ _ _ _ _ _ _ _ _ _ _ _ _ _ _ _ _ _ _ _ _ _ _ _ _ _ _ _ _ _ _ _ _ _ _ _ _ _ _ _ _ _ _ _ _ _ _ _ _ _ _ _ _ _ _ _ _ _ _ _ _ _ _ _ _ _ _ _ _ _ _ _ _ _ _ _ _ _ _ _ _ _ _ _ _ _ _ _ _ _ _ _ _ _ _ _ _ _ _ _ _ _ _ _ _ _ _ _ _ _ _ _ _ _ _ _ _ \n\nself = <selenium.webdriver.support.wait.WebDriverWait (session=\"1f1d0ab7d73d9ed4bce9fae7ff77cf2e\")>, method = <function visibility_of_element_located.<locals>._predicate at 0x0000021823B160C0>, message = ''\n\n    def until(self, method, message: str = \"\"):\n        \"\"\"Calls the method provided with the driver as an argument until the \\\n        return value does not evaluate to ``False``.\n    \n        :param method: callable(WebDriver)\n        :param message: optional message for :exc:`TimeoutException`\n        :returns: the result of the last call to `method`\n        :raises: :exc:`selenium.common.exceptions.TimeoutException` if timeout occurs\n        \"\"\"\n        screen = None\n        stacktrace = None\n    \n        end_time = time.monotonic() + self._timeout\n        while True:\n            try:\n                value = method(self._driver)\n                if value:\n                    return value\n            except self._ignored_exceptions as exc:\n                screen = getattr(exc, \"screen\", None)\n                stacktrace = getattr(exc, \"stacktrace\", None)\n            time.sleep(self._poll)\n            if time.monotonic() > end_time:\n                break\n>       raise TimeoutException(message, screen, stacktrace)\nE       selenium.common.exceptions.TimeoutException: Message: \nE       Stacktrace:\nE       Backtrace:\nE       \t(No symbol) [0x00C3F243]\nE       \t(No symbol) [0x00BC7FD1]\nE       \t(No symbol) [0x00ABD04D]\nE       \t(No symbol) [0x00AEC0B0]\nE       \t(No symbol) [0x00AEC22B]\nE       \t(No symbol) [0x00B1E612]\nE       \t(No symbol) [0x00B085D4]\nE       \t(No symbol) [0x00B1C9EB]\nE       \t(No symbol) [0x00B08386]\nE       \t(No symbol) [0x00AE163C]\nE       \t(No symbol) [0x00AE269D]\nE       \tGetHandleVerifier [0x00ED9A22+2655074]\nE       \tGetHandleVerifier [0x00ECCA24+2601828]\nE       \tGetHandleVerifier [0x00CE8C0A+619850]\nE       \tGetHandleVerifier [0x00CE7830+614768]\nE       \t(No symbol) [0x00BD05FC]\nE       \t(No symbol) [0x00BD5968]\nE       \t(No symbol) [0x00BD5A55]\nE       \t(No symbol) [0x00BE051B]\nE       \tBaseThreadInitThunk [0x766D6BD9+25]\nE       \tRtlGetFullPathName_UEx [0x77168FD2+1218]\nE       \tRtlGetFullPathName_UEx [0x77168F9D+1165]\n\n..\\..\\AppData\\Local\\Programs\\Python\\Python311\\Lib\\site-packages\\selenium\\webdriver\\support\\wait.py:95: TimeoutException"}, "start": 1673935568299, "stop": 1673935616476, "uuid": "1440c89d-4a0a-4936-86c0-2dec3a5a571b", "historyId": "27a2366e218e65cfa75c85ba98220454", "testCaseId": "8b2a7791f27b196cfcd6be3b7e2ac3f8", "fullName": "testCases.test_DeleteEmployee.Test_004_DeleteEmployee#test_delete_employee", "labels": [{"name": "tag", "value": "sanity"}, {"name": "parentSuite", "value": "testCases"}, {"name": "suite", "value": "test_DeleteEmployee"}, {"name": "subSuite", "value": "Test_004_DeleteEmployee"}, {"name": "host", "value": "HJNZL000448"}, {"name": "thread", "value": "27116-MainThread"}, {"name": "framework", "value": "pytest"}, {"name": "language", "value": "cpython3"}, {"name": "package", "value": "testCases.test_DeleteEmployee"}]}